<?xml version="1.0" encoding="UTF-8"?>
<testsuite xmlns:xsi="http://www.w3.org/2001/XMLSchema-instance" xsi:noNamespaceSchemaLocation="https://maven.apache.org/surefire/maven-surefire-plugin/xsd/surefire-test-report.xsd" name="com.adodell.AppTest" time="0.03" tests="1" errors="0" skipped="0" failures="0">
  <properties>
    <property name="sun.desktop" value="windows"/>
    <property name="awt.toolkit" value="sun.awt.windows.WToolkit"/>
    <property name="java.specification.version" value="10"/>
    <property name="file.encoding.pkg" value="sun.io"/>
    <property name="sun.cpu.isalist" value="amd64"/>
    <property name="sun.jnu.encoding" value="Cp1252"/>
    <property name="java.class.path" value="C:\Users\Aaron\Documents\2Programming\java\htmlTable_parseAndWrite\target\test-classes;C:\Users\Aaron\Documents\2Programming\java\htmlTable_parseAndWrite\target\classes;C:\Users\Aaron\.m2\repository\org\jsoup\jsoup\1.8.3\jsoup-1.8.3.jar;C:\Users\Aaron\.m2\repository\junit\junit\4.11\junit-4.11.jar;C:\Users\Aaron\.m2\repository\org\hamcrest\hamcrest-core\1.3\hamcrest-core-1.3.jar;"/>
    <property name="java.vm.vendor" value="&quot;Oracle Corporation&quot;"/>
    <property name="sun.arch.data.model" value="64"/>
    <property name="user.variant" value=""/>
    <property name="java.vendor.url" value="http://java.oracle.com/"/>
    <property name="user.timezone" value="America/Phoenix"/>
    <property name="java.vm.specification.version" value="10"/>
    <property name="os.name" value="Windows 10"/>
    <property name="sun.java.launcher" value="SUN_STANDARD"/>
    <property name="user.country" value="US"/>
    <property name="sun.boot.library.path" value="C:\Program Files\Java\jdk-10.0.2\bin"/>
    <property name="sun.java.command" value="C:\Users\Aaron\AppData\Local\Temp\surefire15591862503743792082\surefirebooter10182041669096434433.jar C:\Users\Aaron\AppData\Local\Temp\surefire15591862503743792082 2019-01-26T20-57-35_810-jvmRun1 surefire17863705025075331451tmp surefire_09743618550516418402tmp"/>
    <property name="jdk.debug" value="release"/>
    <property name="surefire.test.class.path" value="C:\Users\Aaron\Documents\2Programming\java\htmlTable_parseAndWrite\target\test-classes;C:\Users\Aaron\Documents\2Programming\java\htmlTable_parseAndWrite\target\classes;C:\Users\Aaron\.m2\repository\org\jsoup\jsoup\1.8.3\jsoup-1.8.3.jar;C:\Users\Aaron\.m2\repository\junit\junit\4.11\junit-4.11.jar;C:\Users\Aaron\.m2\repository\org\hamcrest\hamcrest-core\1.3\hamcrest-core-1.3.jar;"/>
    <property name="sun.cpu.endian" value="little"/>
    <property name="user.home" value="C:\Users\Aaron"/>
    <property name="user.language" value="en"/>
    <property name="java.specification.vendor" value="Oracle Corporation"/>
    <property name="java.version.date" value="2018-07-17"/>
    <property name="java.home" value="C:\Program Files\Java\jdk-10.0.2"/>
    <property name="file.separator" value="\"/>
    <property name="basedir" value="C:\Users\Aaron\Documents\2Programming\java\htmlTable_parseAndWrite"/>
    <property name="java.vm.compressedOopsMode" value="32-bit"/>
    <property name="line.separator" value="&#10;"/>
    <property name="java.specification.name" value="Java Platform API Specification"/>
    <property name="java.vm.specification.vendor" value="Oracle Corporation"/>
    <property name="java.awt.graphicsenv" value="sun.awt.Win32GraphicsEnvironment"/>
    <property name="surefire.real.class.path" value="C:\Users\Aaron\AppData\Local\Temp\surefire15591862503743792082\surefirebooter10182041669096434433.jar"/>
    <property name="user.script" value=""/>
    <property name="sun.management.compiler" value="HotSpot 64-Bit Tiered Compilers"/>
    <property name="java.runtime.version" value="10.0.2+13"/>
    <property name="user.name" value="Aaron"/>
    <property name="path.separator" value=";"/>
    <property name="os.version" value="10.0"/>
    <property name="java.runtime.name" value="Java(TM) SE Runtime Environment"/>
    <property name="file.encoding" value="Cp1252"/>
    <property name="java.vm.name" value="Java HotSpot(TM) 64-Bit Server VM"/>
    <property name="java.vendor.version" value="18.3"/>
    <property name="localRepository" value="C:\Users\Aaron\.m2\repository"/>
    <property name="java.vendor.url.bug" value="http://bugreport.java.com/bugreport/"/>
    <property name="java.io.tmpdir" value="C:\Users\Aaron\AppData\Local\Temp\"/>
    <property name="java.version" value="10.0.2"/>
    <property name="user.dir" value="C:\Users\Aaron\Documents\2Programming\java\htmlTable_parseAndWrite"/>
    <property name="os.arch" value="amd64"/>
    <property name="java.vm.specification.name" value="Java Virtual Machine Specification"/>
    <property name="java.awt.printerjob" value="sun.awt.windows.WPrinterJob"/>
    <property name="sun.os.patch.level" value=""/>
    <property name="java.library.path" value="C:\Program Files\Java\jdk-10.0.2\bin;C:\WINDOWS\Sun\Java\bin;C:\WINDOWS\system32;C:\WINDOWS;C:\Program Files\Java\jdk-10.0.2\bin;C:\Program Files\Java\jre-10.0.2\bin;C:\Program Files (x86)\Graphviz2.38\bin;C:\ProgramData\Oracle\Java\javapath;C:\WINDOWS\system32;C:\WINDOWS;C:\WINDOWS\System32\Wbem;C:\WINDOWS\System32\WindowsPowerShell\v1.0\;C:\Program Files (x86)\QuickTime\QTSystem\;C:\Program Files (x86)\Windows Kits\8.1\Windows Performance Toolkit\;C:\Program Files (x86)\NVIDIA Corporation\PhysX\Common;C:\WINDOWS\system32;C:\WINDOWS;C:\WINDOWS\System32\Wbem;C:\WINDOWS\System32\WindowsPowerShell\v1.0\;C:\Program Files\Git\cmd;C:\WINDOWS\System32\OpenSSH\;C:\Program Files\PuTTY\;C:\Android;C:\Windows\System32;C:\Program Files\nodejs\;C:\Go\bin;C:\Users\Aaron\AppData\Roaming\Python\Python37\Scripts;C:\Users\Aaron\Anaconda3;C:\Users\Aaron\Anaconda3\Scripts;C:\Go\bin;C:\Program Files\Java\jdk-10.0.2\bin;C:\Program Files\R\R-3.4.3\bin;C:\Program Files (x86)\Graphviz2.38\bin;C:\Users\Aaron\AppData\Local\Microsoft\WindowsApps;C:\Users\Aaron\AppData\Local\GitHubDesktop\bin;C:\Users\Aaron\AppData\Local\Microsoft\WindowsApps;C:\Users\Aaron\AppData\Local\atom\bin;C:\Users\Aaron\AppData\Roaming\npm;C:\Program Files\JetBrains\IntelliJ IDEA 2018.3.2\bin;;C:\Users\Aaron\AppData\Local\Programs\Microsoft VS Code\bin;C:\Users\Aaron\go\bin;C:\Program Files\Maven\apache-maven-3.6.0\bin;;."/>
    <property name="java.vendor" value="Oracle Corporation"/>
    <property name="java.vm.info" value="mixed mode"/>
    <property name="java.vm.version" value="10.0.2+13"/>
    <property name="sun.io.unicode.encoding" value="UnicodeLittle"/>
    <property name="java.class.version" value="54.0"/>
  </properties>
  <testcase name="shouldAnswerWithTrue" classname="com.adodell.AppTest" time="0.001"/>
</testsuite>